2021-11-03 02:27:56 Loading main app package /usr/lib/obsidian/obsidian.asar
2021-11-03 02:27:57 Checking for update using Github
2021-11-03 02:27:57 Success.
2021-11-03 02:27:57 Latest version is 0.12.19
2021-11-03 02:27:57 App is up to date.
2021-11-03 03:27:57 Checking for update using Github
2021-11-03 03:27:57 Success.
2021-11-03 03:27:57 Latest version is 0.12.19
2021-11-03 03:27:57 App is up to date.
2021-11-03 04:27:57 Checking for update using Github
2021-11-03 04:27:57 Failed to check for update using Github (net::ERR_ADDRESS_UNREACHABLE)
2021-11-03 04:27:57 Checking for update using obsidian.md
2021-11-03 04:28:01 Failed to check for update using obsidian.md (net::ERR_QUIC_PROTOCOL_ERROR)
2021-11-03 05:27:57 Checking for update using Github
2021-11-03 05:27:57 Failed to check for update using Github (net::ERR_ADDRESS_UNREACHABLE)
2021-11-03 05:27:57 Checking for update using obsidian.md
2021-11-03 05:28:14 Failed to check for update using obsidian.md (net::ERR_ADDRESS_UNREACHABLE)
2021-11-03 06:27:57 Checking for update using Github
2021-11-03 06:27:57 Success.
2021-11-03 06:27:57 Latest version is 0.12.19
2021-11-03 06:27:57 App is up to date.
2021-11-03 07:27:57 Checking for update using Github
2021-11-03 07:27:57 Success.
2021-11-03 07:27:57 Latest version is 0.12.19
2021-11-03 07:27:57 App is up to date.
2021-11-03 08:27:57 Checking for update using Github
2021-11-03 08:27:57 Success.
2021-11-03 08:27:57 Latest version is 0.12.19
2021-11-03 08:27:57 App is up to date.
2021-11-03 09:27:57 Checking for update using Github
2021-11-03 09:27:57 Success.
2021-11-03 09:27:57 Latest version is 0.12.19
2021-11-03 09:27:57 App is up to date.
2021-11-03 19:15:18 Loading main app package /usr/lib/obsidian/obsidian.asar
2021-11-03 19:15:18 Checking for update using Github
2021-11-03 19:15:19 Success.
2021-11-03 19:15:19 Latest version is 0.12.19
2021-11-03 19:15:19 App is up to date.
2021-11-04 21:29:09 Loading main app package /usr/lib/obsidian/obsidian.asar
2021-11-04 21:29:09 Checking for update using Github
2021-11-04 21:29:09 Success.
2021-11-04 21:29:09 Latest version is 0.12.19
2021-11-04 21:29:09 App is up to date.
2021-11-04 22:29:09 Checking for update using Github
2021-11-04 22:29:09 Success.
2021-11-04 22:29:09 Latest version is 0.12.19
2021-11-04 22:29:09 App is up to date.
2021-11-04 23:29:09 Checking for update using Github
2021-11-04 23:29:09 Success.
2021-11-04 23:29:09 Latest version is 0.12.19
2021-11-04 23:29:09 App is up to date.
2021-11-05 02:23:34 Loading main app package /usr/lib/obsidian/obsidian.asar
2021-11-05 02:23:35 Checking for update using Github
2021-11-05 02:23:35 Success.
2021-11-05 02:23:35 Latest version is 0.12.19
2021-11-05 02:23:35 App is up to date.
2021-11-05 03:23:34 Checking for update using Github
2021-11-05 03:23:35 Success.
2021-11-05 03:23:35 Latest version is 0.12.19
2021-11-05 03:23:35 App is up to date.
2021-11-05 04:23:35 Checking for update using Github
2021-11-05 04:23:35 Success.
2021-11-05 04:23:35 Latest version is 0.12.19
2021-11-05 04:23:35 App is up to date.
2021-11-05 05:23:35 Checking for update using Github
2021-11-05 05:23:35 Success.
2021-11-05 05:23:35 Latest version is 0.12.19
2021-11-05 05:23:35 App is up to date.
2021-11-05 06:23:35 Checking for update using Github
2021-11-05 06:23:35 Success.
2021-11-05 06:23:35 Latest version is 0.12.19
2021-11-05 06:23:35 App is up to date.
2021-11-05 07:23:35 Checking for update using Github
2021-11-05 07:23:35 Success.
2021-11-05 07:23:35 Latest version is 0.12.19
2021-11-05 07:23:35 App is up to date.
2021-11-05 20:08:28 Loading main app package /usr/lib/obsidian/obsidian.asar
2021-11-05 20:08:28 Checking for update using Github
2021-11-05 20:08:28 Success.
2021-11-05 20:08:28 Latest version is 0.12.19
2021-11-05 20:08:28 App is up to date.
2021-11-05 21:08:28 Checking for update using Github
2021-11-05 21:08:28 Success.
2021-11-05 21:08:28 Latest version is 0.12.19
2021-11-05 21:08:28 App is up to date.
2021-11-05 22:08:28 Checking for update using Github
2021-11-05 22:08:28 Success.
2021-11-05 22:08:28 Latest version is 0.12.19
2021-11-05 22:08:28 App is up to date.
2021-11-05 23:08:28 Checking for update using Github
2021-11-05 23:08:28 Success.
2021-11-05 23:08:28 Latest version is 0.12.19
2021-11-05 23:08:28 App is up to date.
2021-11-05 23:20:52 Loading main app package /usr/lib/obsidian/obsidian.asar
2021-11-05 23:20:52 Checking for update using Github
2021-11-06 00:08:28 Checking for update using Github
2021-11-06 00:08:28 Success.
2021-11-06 00:08:28 Latest version is 0.12.19
2021-11-06 00:08:28 App is up to date.
2021-11-06 01:08:28 Checking for update using Github
2021-11-06 01:08:28 Success.
2021-11-06 01:08:28 Latest version is 0.12.19
2021-11-06 01:08:28 App is up to date.
2021-11-06 02:08:28 Checking for update using Github
2021-11-06 02:08:28 Success.
2021-11-06 02:08:28 Latest version is 0.12.19
2021-11-06 02:08:28 App is up to date.
2021-11-09 16:34:42 Loading main app package /usr/lib/obsidian/obsidian.asar
2021-11-09 16:34:42 Checking for update using Github
2021-11-09 16:34:42 Success.
2021-11-09 16:34:42 Latest version is 0.12.19
2021-11-09 16:34:42 App is up to date.
2021-11-09 17:34:42 Checking for update using Github
2021-11-09 17:34:42 Success.
2021-11-09 17:34:42 Latest version is 0.12.19
2021-11-09 17:34:42 App is up to date.
2021-11-09 21:19:34 Loading main app package /usr/lib/obsidian/obsidian.asar
2021-11-09 21:19:34 Checking for update using Github
2021-11-09 21:19:34 Success.
2021-11-09 21:19:34 Latest version is 0.12.19
2021-11-09 21:19:34 App is up to date.
2021-11-09 22:19:34 Checking for update using Github
2021-11-09 22:19:34 Success.
2021-11-09 22:19:34 Latest version is 0.12.19
2021-11-09 22:19:34 App is up to date.
2021-11-09 23:29:00 Loading main app package /usr/lib/obsidian/obsidian.asar
2021-11-09 23:29:00 Checking for update using Github
2021-11-09 23:29:01 Success.
2021-11-09 23:29:01 Latest version is 0.12.19
2021-11-09 23:29:01 App is up to date.
2021-11-10 00:29:00 Checking for update using Github
2021-11-10 00:29:01 Success.
2021-11-10 00:29:01 Latest version is 0.12.19
2021-11-10 00:29:01 App is up to date.
2021-11-10 01:29:00 Checking for update using Github
2021-11-10 01:29:00 Success.
2021-11-10 01:29:00 Latest version is 0.12.19
2021-11-10 01:29:00 App is up to date.
2021-11-10 02:29:00 Checking for update using Github
2021-11-10 02:29:00 Success.
2021-11-10 02:29:00 Latest version is 0.12.19
2021-11-10 02:29:00 App is up to date.
2021-11-10 03:29:00 Checking for update using Github
2021-11-10 03:29:01 Success.
2021-11-10 03:29:01 Latest version is 0.12.19
2021-11-10 03:29:01 App is up to date.
2021-11-10 20:00:19 Loading main app package /usr/lib/obsidian/obsidian.asar
2021-11-10 20:00:20 Checking for update using Github
2021-11-10 20:00:20 Success.
2021-11-10 20:00:20 Latest version is 0.12.19
2021-11-10 20:00:20 App is up to date.
2021-11-10 21:00:19 Checking for update using Github
2021-11-10 21:00:19 Success.
2021-11-10 21:00:19 Latest version is 0.12.19
2021-11-10 21:00:19 App is up to date.
2021-11-10 22:00:19 Checking for update using Github
2021-11-10 22:00:20 Success.
2021-11-10 22:00:20 Latest version is 0.12.19
2021-11-10 22:00:20 App is up to date.
2021-11-10 23:00:20 Checking for update using Github
2021-11-10 23:00:20 Success.
2021-11-10 23:00:20 Latest version is 0.12.19
2021-11-10 23:00:20 App is up to date.
2021-11-13 19:55:10 Loading main app package /usr/lib/obsidian/obsidian.asar
2021-11-13 19:55:10 Checking for update using Github
2021-11-13 19:55:10 Success.
2021-11-13 19:55:10 Latest version is 0.12.19
2021-11-13 19:55:10 App is up to date.
2021-11-13 20:55:10 Checking for update using Github
2021-11-13 20:55:10 Success.
2021-11-13 20:55:10 Latest version is 0.12.19
2021-11-13 20:55:10 App is up to date.
2021-11-13 21:55:10 Checking for update using Github
2021-11-13 21:55:10 Success.
2021-11-13 21:55:10 Latest version is 0.12.19
2021-11-13 21:55:10 App is up to date.
2021-11-13 22:55:10 Checking for update using Github
2021-11-13 22:55:10 Success.
2021-11-13 22:55:10 Latest version is 0.12.19
2021-11-13 22:55:10 App is up to date.
2021-11-13 23:55:10 Checking for update using Github
2021-11-13 23:55:10 Success.
2021-11-13 23:55:10 Latest version is 0.12.19
2021-11-13 23:55:10 App is up to date.
2021-11-14 00:55:10 Checking for update using Github
2021-11-14 00:55:10 Success.
2021-11-14 00:55:10 Latest version is 0.12.19
2021-11-14 00:55:10 App is up to date.
2021-11-14 01:55:10 Checking for update using Github
2021-11-14 01:55:11 Success.
2021-11-14 01:55:11 Latest version is 0.12.19
2021-11-14 01:55:11 App is up to date.
2021-11-14 03:42:45 Loading main app package /usr/lib/obsidian/obsidian.asar
2021-11-14 03:42:45 Checking for update using Github
2021-11-14 03:42:45 Success.
2021-11-14 03:42:45 Latest version is 0.12.19
2021-11-14 03:42:45 App is up to date.
2021-11-14 04:42:45 Checking for update using Github
2021-11-14 04:42:45 Success.
2021-11-14 04:42:45 Latest version is 0.12.19
2021-11-14 04:42:45 App is up to date.
2021-11-14 05:42:45 Checking for update using Github
2021-11-14 05:42:45 Success.
2021-11-14 05:42:45 Latest version is 0.12.19
2021-11-14 05:42:45 App is up to date.
2021-11-14 06:42:45 Checking for update using Github
2021-11-14 06:42:45 Success.
2021-11-14 06:42:45 Latest version is 0.12.19
2021-11-14 06:42:45 App is up to date.
2021-11-14 07:42:45 Checking for update using Github
2021-11-14 07:42:45 Success.
2021-11-14 07:42:45 Latest version is 0.12.19
2021-11-14 07:42:45 App is up to date.
2021-11-14 17:52:08 Loading main app package /usr/lib/obsidian/obsidian.asar
2021-11-14 17:52:09 Checking for update using Github
2021-11-14 17:52:09 Success.
2021-11-14 17:52:09 Latest version is 0.12.19
2021-11-14 17:52:09 App is up to date.
2021-11-14 18:52:08 Checking for update using Github
2021-11-14 18:52:09 Success.
2021-11-14 18:52:09 Latest version is 0.12.19
2021-11-14 18:52:09 App is up to date.
2021-11-14 19:52:08 Checking for update using Github
2021-11-14 19:52:09 Success.
2021-11-14 19:52:09 Latest version is 0.12.19
2021-11-14 19:52:09 App is up to date.
2021-11-14 20:52:09 Checking for update using Github
2021-11-14 20:52:09 Success.
2021-11-14 20:52:09 Latest version is 0.12.19
2021-11-14 20:52:09 App is up to date.
2021-11-14 21:52:09 Checking for update using Github
2021-11-14 21:52:09 Success.
2021-11-14 21:52:09 Latest version is 0.12.19
2021-11-14 21:52:09 App is up to date.
2021-11-14 22:52:09 Checking for update using Github
2021-11-14 22:52:09 Success.
2021-11-14 22:52:09 Latest version is 0.12.19
2021-11-14 22:52:09 App is up to date.
2021-11-14 23:52:09 Checking for update using Github
2021-11-14 23:52:09 Success.
2021-11-14 23:52:09 Latest version is 0.12.19
2021-11-14 23:52:09 App is up to date.
2021-11-15 00:52:09 Checking for update using Github
2021-11-15 00:52:09 Success.
2021-11-15 00:52:09 Latest version is 0.12.19
2021-11-15 00:52:09 App is up to date.
2021-11-15 01:52:09 Checking for update using Github
2021-11-15 01:52:09 Success.
2021-11-15 01:52:09 Latest version is 0.12.19
2021-11-15 01:52:09 App is up to date.
2021-11-15 02:52:09 Checking for update using Github
2021-11-15 02:52:09 Success.
2021-11-15 02:52:09 Latest version is 0.12.19
2021-11-15 02:52:09 App is up to date.
2021-11-15 03:52:09 Checking for update using Github
2021-11-15 03:52:09 Success.
2021-11-15 03:52:09 Latest version is 0.12.19
2021-11-15 03:52:09 App is up to date.
2021-11-15 04:52:09 Checking for update using Github
2021-11-15 04:52:09 Success.
2021-11-15 04:52:09 Latest version is 0.12.19
2021-11-15 04:52:09 App is up to date.
2021-11-15 05:52:09 Checking for update using Github
2021-11-15 05:52:09 Success.
2021-11-15 05:52:09 Latest version is 0.12.19
2021-11-15 05:52:09 App is up to date.
2021-11-15 06:52:10 Checking for update using Github
2021-11-15 06:52:10 Success.
2021-11-15 06:52:10 Latest version is 0.12.19
2021-11-15 06:52:10 App is up to date.
2021-11-15 07:52:10 Checking for update using Github
2021-11-15 07:52:10 Success.
2021-11-15 07:52:10 Latest version is 0.12.19
2021-11-15 07:52:10 App is up to date.
2021-11-18 18:31:29 Loading main app package /usr/lib/obsidian/obsidian.asar
2021-11-18 18:31:29 Checking for update using Github
2021-11-18 18:31:29 Success.
2021-11-18 18:31:29 Latest version is 0.12.19
2021-11-18 18:31:29 App is up to date.
2021-11-18 19:31:29 Checking for update using Github
2021-11-18 19:31:29 Success.
2021-11-18 19:31:29 Latest version is 0.12.19
2021-11-18 19:31:29 App is up to date.
2021-11-18 20:31:29 Checking for update using Github
2021-11-18 20:31:35 Success.
2021-11-18 20:31:35 Latest version is 0.12.19
2021-11-18 20:31:35 App is up to date.
2021-11-23 21:09:02 Loading main app package /usr/lib/obsidian/obsidian.asar
2021-11-23 21:09:02 Checking for update using Github
2021-11-23 21:09:03 Success.
2021-11-23 21:09:03 Latest version is 0.12.19
2021-11-23 21:09:03 App is up to date.
2021-11-23 21:11:56 Loading main app package /usr/lib/obsidian/obsidian.asar
2021-11-23 21:11:56 Checking for update using Github
2021-11-23 21:11:56 Success.
2021-11-23 21:11:56 Latest version is 0.12.19
2021-11-23 21:11:56 App is up to date.
2021-11-23 21:17:09 Loading main app package /usr/lib/obsidian/obsidian.asar
2021-11-23 21:17:09 Checking for update using Github
2021-11-23 21:17:09 Success.
2021-11-23 21:17:09 Latest version is 0.12.19
2021-11-23 21:17:09 App is up to date.
2021-11-23 21:17:20 Loading main app package /usr/lib/obsidian/obsidian.asar
2021-11-23 21:17:20 Checking for update using Github
2021-11-23 21:17:20 Success.
2021-11-23 21:17:20 Latest version is 0.12.19
2021-11-23 21:17:20 App is up to date.
2021-11-23 21:22:40 Loading main app package /usr/lib/obsidian/obsidian.asar
2021-11-23 21:22:40 Checking for update using Github
2021-11-23 21:22:45 Success.
2021-11-23 21:22:45 Latest version is 0.12.19
2021-11-23 21:22:45 App is up to date.
2021-11-23 21:31:32 Loading main app package /usr/lib/obsidian/obsidian.asar
2021-11-23 21:31:32 Checking for update using Github
2021-11-23 21:31:33 Success.
2021-11-23 21:31:33 Latest version is 0.12.19
2021-11-23 21:31:33 App is up to date.
2021-11-23 22:31:32 Checking for update using Github
2021-11-23 22:31:32 Success.
2021-11-23 22:31:32 Latest version is 0.12.19
2021-11-23 22:31:32 App is up to date.
2021-11-23 23:31:32 Checking for update using Github
2021-11-23 23:31:33 Success.
2021-11-23 23:31:33 Latest version is 0.12.19
2021-11-23 23:31:33 App is up to date.
2021-11-24 00:31:33 Checking for update using Github
2021-11-24 00:31:33 Success.
2021-11-24 00:31:33 Latest version is 0.12.19
2021-11-24 00:31:33 App is up to date.
2021-11-24 01:31:33 Checking for update using Github
2021-11-24 01:31:33 Success.
2021-11-24 01:31:33 Latest version is 0.12.19
2021-11-24 01:31:33 App is up to date.
2021-11-24 05:04:08 Loading main app package /usr/lib/obsidian/obsidian.asar
2021-11-24 05:04:09 Checking for update using Github
2021-11-24 05:04:09 Success.
2021-11-24 05:04:09 Latest version is 0.12.19
2021-11-24 05:04:09 App is up to date.
2021-11-24 06:04:09 Checking for update using Github
2021-11-24 06:04:09 Success.
2021-11-24 06:04:09 Latest version is 0.12.19
2021-11-24 06:04:09 App is up to date.
2021-11-24 07:04:09 Checking for update using Github
2021-11-24 07:04:09 Success.
2021-11-24 07:04:09 Latest version is 0.12.19
2021-11-24 07:04:09 App is up to date.
2021-11-25 04:36:27 Loading main app package /usr/lib/obsidian/obsidian.asar
2021-11-25 04:36:27 Checking for update using Github
2021-11-25 04:36:27 Success.
2021-11-25 04:36:27 Latest version is 0.12.19
2021-11-25 04:36:27 App is up to date.
2021-11-25 19:02:30 Loading main app package /usr/lib/obsidian/obsidian.asar
2021-11-25 19:02:31 Checking for update using Github
2021-11-25 19:02:31 Success.
2021-11-25 19:02:31 Latest version is 0.12.19
2021-11-25 19:02:31 App is up to date.
2021-11-25 20:02:30 Checking for update using Github
2021-11-25 20:02:30 Success.
2021-11-25 20:02:30 Latest version is 0.12.19
2021-11-25 20:02:30 App is up to date.
2021-11-25 22:02:54 Loading main app package /usr/lib/obsidian/obsidian.asar
2021-11-25 22:02:55 Checking for update using Github
2021-11-25 22:02:55 Success.
2021-11-25 22:02:55 Latest version is 0.12.19
2021-11-25 22:02:55 App is up to date.
2021-11-25 23:02:55 Checking for update using Github
2021-11-25 23:02:55 Success.
2021-11-25 23:02:55 Latest version is 0.12.19
2021-11-25 23:02:55 App is up to date.
2021-11-26 00:02:55 Checking for update using Github
2021-11-26 00:02:55 Success.
2021-11-26 00:02:55 Latest version is 0.12.19
2021-11-26 00:02:55 App is up to date.
2021-11-27 03:01:56 Loading main app package /usr/lib/obsidian/obsidian.asar
2021-11-27 03:01:57 Checking for update using Github
2021-11-27 03:01:57 Success.
2021-11-27 03:01:57 Latest version is 0.12.19
2021-11-27 03:01:57 App is up to date.
2021-11-27 04:01:56 Checking for update using Github
2021-11-27 04:01:57 Success.
2021-11-27 04:01:57 Latest version is 0.12.19
2021-11-27 04:01:57 App is up to date.
2021-11-27 05:01:57 Checking for update using Github
2021-11-27 05:01:57 Success.
2021-11-27 05:01:57 Latest version is 0.12.19
2021-11-27 05:01:57 App is up to date.
2021-11-27 06:01:57 Checking for update using Github
2021-11-27 06:01:57 Success.
2021-11-27 06:01:57 Latest version is 0.12.19
2021-11-27 06:01:57 App is up to date.
2021-11-27 18:49:31 Loading main app package /usr/lib/obsidian/obsidian.asar
2021-11-27 18:49:31 Checking for update using Github
2021-11-27 18:49:31 Success.
2021-11-27 18:49:31 Latest version is 0.12.19
2021-11-27 18:49:31 App is up to date.
2021-11-27 19:49:31 Checking for update using Github
2021-11-27 19:49:31 Success.
2021-11-27 19:49:31 Latest version is 0.12.19
2021-11-27 19:49:31 App is up to date.
2021-11-27 20:49:31 Checking for update using Github
2021-11-27 20:49:31 Failed to check for update using Github (Unexpected end of JSON input)
2021-11-27 20:49:31 Checking for update using obsidian.md
2021-11-27 20:49:31 Success.
2021-11-27 20:49:31 Latest version is 0.12.19
2021-11-27 20:49:31 App is up to date.
2021-11-27 21:49:31 Checking for update using Github
2021-11-27 21:49:31 Success.
2021-11-27 21:49:31 Latest version is 0.12.19
2021-11-27 21:49:31 App is up to date.
2021-11-27 22:49:31 Checking for update using Github
2021-11-27 22:49:31 Success.
2021-11-27 22:49:31 Latest version is 0.12.19
2021-11-27 22:49:31 App is up to date.
2021-11-28 03:00:27 Loading main app package /usr/lib/obsidian/obsidian.asar
2021-11-28 03:00:27 Checking for update using Github
2021-11-28 03:00:27 Success.
2021-11-28 03:00:27 Latest version is 0.12.19
2021-11-28 03:00:27 App is up to date.
2021-11-28 03:26:12 Loading main app package /usr/lib/obsidian/obsidian.asar
2021-11-28 03:26:12 Checking for update using Github
2021-11-28 03:26:12 Success.
2021-11-28 03:26:12 Latest version is 0.12.19
2021-11-28 03:26:12 App is up to date.
2021-11-28 03:34:35 Loading main app package /usr/lib/obsidian/obsidian.asar
2021-11-28 03:34:35 Checking for update using Github
2021-11-28 03:34:35 Success.
2021-11-28 03:34:35 Latest version is 0.12.19
2021-11-28 03:34:35 App is up to date.
2021-11-28 08:00:34 Loading main app package /usr/lib/obsidian/obsidian.asar
2021-11-28 08:00:35 Checking for update using Github
2021-11-28 08:00:35 Success.
2021-11-28 08:00:35 Latest version is 0.12.19
2021-11-28 08:00:35 App is up to date.
2021-11-28 21:29:20 Loading main app package /usr/lib/obsidian/obsidian.asar
2021-11-28 21:29:20 Checking for update using Github
2021-11-28 21:29:20 Success.
2021-11-28 21:29:20 Latest version is 0.12.19
2021-11-28 21:29:20 App is up to date.
2021-11-28 22:29:20 Checking for update using Github
2021-11-28 22:29:20 Success.
2021-11-28 22:29:20 Latest version is 0.12.19
2021-11-28 22:29:20 App is up to date.
2021-11-28 23:29:20 Checking for update using Github
2021-11-28 23:29:20 Success.
2021-11-28 23:29:20 Latest version is 0.12.19
2021-11-28 23:29:20 App is up to date.
2021-11-29 00:20:56 Loading main app package /usr/lib/obsidian/obsidian.asar
2021-11-29 00:20:57 Checking for update using Github
2021-11-29 00:20:57 Success.
2021-11-29 00:20:57 Latest version is 0.12.19
2021-11-29 00:20:57 App is up to date.
2021-11-29 01:20:56 Checking for update using Github
2021-11-29 01:20:56 Success.
2021-11-29 01:20:56 Latest version is 0.12.19
2021-11-29 01:20:56 App is up to date.
2021-11-29 02:20:56 Checking for update using Github
2021-11-29 02:20:57 Success.
2021-11-29 02:20:57 Latest version is 0.12.19
2021-11-29 02:20:57 App is up to date.
2021-11-29 03:20:57 Checking for update using Github
2021-11-29 03:20:57 Success.
2021-11-29 03:20:57 Latest version is 0.12.19
2021-11-29 03:20:57 App is up to date.
2021-11-29 04:01:25 Loading main app package /usr/lib/obsidian/obsidian.asar
2021-11-29 04:01:26 Checking for update using Github
2021-11-29 04:01:26 Success.
2021-11-29 04:01:26 Latest version is 0.12.19
2021-11-29 04:01:26 App is up to date.
2021-11-29 05:01:25 Checking for update using Github
2021-11-29 05:01:25 Success.
2021-11-29 05:01:25 Latest version is 0.12.19
2021-11-29 05:01:25 App is up to date.
2021-11-29 06:01:25 Checking for update using Github
2021-11-29 06:01:26 Success.
2021-11-29 06:01:26 Latest version is 0.12.19
2021-11-29 06:01:26 App is up to date.
2021-11-29 07:01:26 Checking for update using Github
2021-11-29 07:01:26 Success.
2021-11-29 07:01:26 Latest version is 0.12.19
2021-11-29 07:01:26 App is up to date.
2021-11-29 08:01:26 Checking for update using Github
2021-11-29 08:01:26 Success.
2021-11-29 08:01:26 Latest version is 0.12.19
2021-11-29 08:01:26 App is up to date.
2021-11-29 19:49:44 Loading main app package /usr/lib/obsidian/obsidian.asar
2021-11-29 19:49:44 Checking for update using Github
2021-11-29 19:49:44 Success.
2021-11-29 19:49:44 Latest version is 0.12.19
2021-11-29 19:49:44 App is up to date.
2021-11-29 20:49:44 Checking for update using Github
2021-11-29 20:49:44 Success.
2021-11-29 20:49:44 Latest version is 0.12.19
2021-11-29 20:49:44 App is up to date.
2021-11-29 23:41:08 Loading main app package /usr/lib/obsidian/obsidian.asar
2021-11-29 23:41:08 Checking for update using Github
2021-11-29 23:41:09 Success.
2021-11-29 23:41:09 Latest version is 0.12.19
2021-11-29 23:41:09 App is up to date.
2021-11-30 00:41:08 Checking for update using Github
2021-11-30 00:41:08 Success.
2021-11-30 00:41:08 Latest version is 0.12.19
2021-11-30 00:41:08 App is up to date.
2021-11-30 01:41:08 Checking for update using Github
2021-11-30 01:41:09 Success.
2021-11-30 01:41:09 Latest version is 0.12.19
2021-11-30 01:41:09 App is up to date.
2021-11-30 02:41:09 Checking for update using Github
2021-11-30 02:41:09 Success.
2021-11-30 02:41:09 Latest version is 0.12.19
2021-11-30 02:41:09 App is up to date.
2021-11-30 17:40:47 Loading main app package /usr/lib/obsidian/obsidian.asar
2021-11-30 17:40:47 Checking for update using Github
2021-11-30 17:40:47 Success.
2021-11-30 17:40:47 Latest version is 0.12.19
2021-11-30 17:40:47 App is up to date.
2021-11-30 18:40:47 Checking for update using Github
2021-11-30 18:40:47 Success.
2021-11-30 18:40:47 Latest version is 0.12.19
2021-11-30 18:40:47 App is up to date.
2021-11-30 19:40:47 Checking for update using Github
2021-11-30 19:40:47 Success.
2021-11-30 19:40:47 Latest version is 0.12.19
2021-11-30 19:40:47 App is up to date.
2021-11-30 20:40:47 Checking for update using Github
2021-11-30 20:40:47 Success.
2021-11-30 20:40:47 Latest version is 0.12.19
2021-11-30 20:40:47 App is up to date.
2021-11-30 21:40:47 Checking for update using Github
2021-11-30 21:40:47 Success.
2021-11-30 21:40:47 Latest version is 0.12.19
2021-11-30 21:40:47 App is up to date.
2021-11-30 22:40:47 Checking for update using Github
2021-11-30 22:40:48 Success.
2021-11-30 22:40:48 Latest version is 0.12.19
2021-11-30 22:40:48 App is up to date.
2021-11-30 23:40:48 Checking for update using Github
2021-11-30 23:40:48 Success.
2021-11-30 23:40:48 Latest version is 0.12.19
2021-11-30 23:40:48 App is up to date.
2021-12-01 00:40:48 Checking for update using Github
2021-12-01 00:40:48 Success.
2021-12-01 00:40:48 Latest version is 0.12.19
2021-12-01 00:40:48 App is up to date.
2021-12-01 01:40:48 Checking for update using Github
2021-12-01 01:40:48 Success.
2021-12-01 01:40:48 Latest version is 0.12.19
2021-12-01 01:40:48 App is up to date.
2021-12-01 01:53:56 Loading main app package /usr/lib/obsidian/obsidian.asar
2021-12-01 01:53:56 Checking for update using Github
2021-12-01 02:40:48 Checking for update using Github
2021-12-01 02:40:48 Success.
2021-12-01 02:40:48 Latest version is 0.12.19
2021-12-01 02:40:48 App is up to date.
2021-12-01 04:04:58 Loading main app package /usr/lib/obsidian/obsidian.asar
2021-12-01 04:04:58 Checking for update using Github
2021-12-01 04:04:58 Success.
2021-12-01 04:04:58 Latest version is 0.12.19
2021-12-01 04:04:58 App is up to date.
2021-12-01 05:04:58 Checking for update using Github
2021-12-01 05:04:58 Success.
2021-12-01 05:04:58 Latest version is 0.12.19
2021-12-01 05:04:58 App is up to date.
2021-12-01 05:57:10 Loading main app package /usr/lib/obsidian/obsidian.asar
2021-12-01 05:57:10 Checking for update using Github
2021-12-01 06:04:58 Checking for update using Github
2021-12-01 06:04:58 Success.
2021-12-01 06:04:58 Latest version is 0.12.19
2021-12-01 06:04:58 App is up to date.
2021-12-01 07:04:58 Checking for update using Github
2021-12-01 07:04:58 Success.
2021-12-01 07:04:58 Latest version is 0.12.19
2021-12-01 07:04:58 App is up to date.
2021-12-01 08:50:31 Checking for update using Github
2021-12-01 08:50:31 Success.
2021-12-01 08:50:31 Latest version is 0.12.19
2021-12-01 08:50:31 App is up to date.
2021-12-01 09:50:31 Checking for update using Github
2021-12-01 09:50:31 Success.
2021-12-01 09:50:31 Latest version is 0.12.19
2021-12-01 09:50:31 App is up to date.
2021-12-01 12:15:10 Checking for update using Github
2021-12-01 12:15:10 Success.
2021-12-01 12:15:10 Latest version is 0.12.19
2021-12-01 12:15:10 App is up to date.
2021-12-02 00:43:44 Loading main app package /usr/lib/obsidian/obsidian.asar
2021-12-02 00:43:44 Checking for update using Github
2021-12-02 00:43:44 Success.
2021-12-02 00:43:44 Latest version is 0.12.19
2021-12-02 00:43:44 App is up to date.
2021-12-02 01:43:44 Checking for update using Github
2021-12-02 01:43:44 Success.
2021-12-02 01:43:44 Latest version is 0.12.19
2021-12-02 01:43:44 App is up to date.
2021-12-02 02:43:44 Checking for update using Github
2021-12-02 02:43:44 Success.
2021-12-02 02:43:44 Latest version is 0.12.19
2021-12-02 02:43:44 App is up to date.
2021-12-02 04:05:40 Loading main app package /usr/lib/obsidian/obsidian.asar
2021-12-02 04:05:40 Checking for update using Github
2021-12-02 04:05:40 Success.
2021-12-02 04:05:40 Latest version is 0.12.19
2021-12-02 04:05:40 App is up to date.
2021-12-02 05:05:40 Checking for update using Github
2021-12-02 05:05:40 Success.
2021-12-02 05:05:40 Latest version is 0.12.19
2021-12-02 05:05:40 App is up to date.
2021-12-02 06:05:40 Checking for update using Github
2021-12-02 06:05:40 Success.
2021-12-02 06:05:40 Latest version is 0.12.19
2021-12-02 06:05:40 App is up to date.
2021-12-02 07:05:40 Checking for update using Github
2021-12-02 07:05:41 Success.
2021-12-02 07:05:41 Latest version is 0.12.19
2021-12-02 07:05:41 App is up to date.
2021-12-02 08:05:41 Checking for update using Github
2021-12-02 08:05:41 Success.
2021-12-02 08:05:41 Latest version is 0.12.19
2021-12-02 08:05:41 App is up to date.
2021-12-02 09:05:41 Checking for update using Github
2021-12-02 09:05:41 Success.
2021-12-02 09:05:41 Latest version is 0.12.19
2021-12-02 09:05:41 App is up to date.
2021-12-02 15:08:11 Checking for update using Github
2021-12-02 15:08:11 Success.
2021-12-02 15:08:11 Latest version is 0.12.19
2021-12-02 15:08:11 App is up to date.
2021-12-02 16:08:11 Checking for update using Github
2021-12-02 16:08:11 Success.
2021-12-02 16:08:11 Latest version is 0.12.19
2021-12-02 16:08:11 App is up to date.
2021-12-02 17:08:11 Checking for update using Github
2021-12-02 17:08:11 Success.
2021-12-02 17:08:11 Latest version is 0.12.19
2021-12-02 17:08:11 App is up to date.
2021-12-02 18:08:11 Checking for update using Github
2021-12-02 18:08:11 Success.
2021-12-02 18:08:11 Latest version is 0.12.19
2021-12-02 18:08:11 App is up to date.
2021-12-02 19:07:08 Loading main app package /usr/lib/obsidian/obsidian.asar
2021-12-02 19:07:08 Checking for update using Github
2021-12-02 19:07:08 Success.
2021-12-02 19:07:08 Latest version is 0.12.19
2021-12-02 19:07:08 App is up to date.
2021-12-02 20:07:08 Checking for update using Github
2021-12-02 20:07:08 Success.
2021-12-02 20:07:08 Latest version is 0.12.19
2021-12-02 20:07:08 App is up to date.
2021-12-02 21:07:08 Checking for update using Github
2021-12-02 21:07:08 Success.
2021-12-02 21:07:08 Latest version is 0.12.19
2021-12-02 21:07:08 App is up to date.
2021-12-02 22:07:08 Checking for update using Github
2021-12-02 22:07:08 Success.
2021-12-02 22:07:08 Latest version is 0.12.19
2021-12-02 22:07:08 App is up to date.
2021-12-02 23:07:08 Checking for update using Github
2021-12-02 23:07:13 Success.
2021-12-02 23:07:13 Latest version is 0.12.19
2021-12-02 23:07:13 App is up to date.
2021-12-03 02:54:11 Loading main app package /usr/lib/obsidian/obsidian.asar
2021-12-03 02:54:11 Checking for update using Github
2021-12-03 02:54:11 Success.
2021-12-03 02:54:11 Latest version is 0.12.19
2021-12-03 02:54:11 App is up to date.
2021-12-03 03:54:11 Checking for update using Github
2021-12-03 03:54:11 Success.
2021-12-03 03:54:11 Latest version is 0.12.19
2021-12-03 03:54:11 App is up to date.
2021-12-03 04:54:11 Checking for update using Github
2021-12-03 04:54:11 Success.
2021-12-03 04:54:11 Latest version is 0.12.19
2021-12-03 04:54:11 App is up to date.
2021-12-03 05:54:11 Checking for update using Github
2021-12-03 05:54:11 Success.
2021-12-03 05:54:11 Latest version is 0.12.19
2021-12-03 05:54:11 App is up to date.
2021-12-03 07:20:43 Loading main app package /usr/lib/obsidian/obsidian.asar
2021-12-03 07:20:43 Checking for update using Github
2021-12-03 07:20:43 Success.
2021-12-03 07:20:43 Latest version is 0.12.19
2021-12-03 07:20:43 App is up to date.
2021-12-03 18:18:39 Loading main app package /usr/lib/obsidian/obsidian.asar
2021-12-03 18:18:39 Checking for update using Github
2021-12-03 18:18:39 Success.
2021-12-03 18:18:39 Latest version is 0.12.19
2021-12-03 18:18:39 App is up to date.
2021-12-03 19:18:39 Checking for update using Github
2021-12-03 19:18:39 Success.
2021-12-03 19:18:39 Latest version is 0.12.19
2021-12-03 19:18:39 App is up to date.
2021-12-03 20:18:39 Checking for update using Github
2021-12-03 20:18:39 Success.
2021-12-03 20:18:39 Latest version is 0.12.19
2021-12-03 20:18:39 App is up to date.
2021-12-03 21:18:39 Checking for update using Github
2021-12-03 21:18:39 Success.
2021-12-03 21:18:39 Latest version is 0.12.19
2021-12-03 21:18:39 App is up to date.
2021-12-04 02:48:16 Loading main app package /usr/lib/obsidian/obsidian.asar
2021-12-04 02:48:16 Checking for update using Github
2021-12-04 02:48:16 Success.
2021-12-04 02:48:16 Latest version is 0.12.19
2021-12-04 02:48:16 App is up to date.
2021-12-04 03:48:16 Checking for update using Github
2021-12-04 03:48:16 Success.
2021-12-04 03:48:16 Latest version is 0.12.19
2021-12-04 03:48:16 App is up to date.
2021-12-04 04:48:16 Checking for update using Github
2021-12-04 04:48:16 Success.
2021-12-04 04:48:16 Latest version is 0.12.19
2021-12-04 04:48:16 App is up to date.
2021-12-04 18:37:33 Loading main app package /usr/lib/obsidian/obsidian.asar
2021-12-04 18:37:33 Checking for update using Github
2021-12-04 18:37:33 Success.
2021-12-04 18:37:33 Latest version is 0.12.19
2021-12-04 18:37:33 App is up to date.
2021-12-04 19:37:33 Checking for update using Github
2021-12-04 19:37:33 Success.
2021-12-04 19:37:33 Latest version is 0.12.19
2021-12-04 19:37:33 App is up to date.
2021-12-04 20:37:33 Checking for update using Github
2021-12-04 20:37:33 Success.
2021-12-04 20:37:33 Latest version is 0.12.19
2021-12-04 20:37:33 App is up to date.
2021-12-04 21:37:33 Checking for update using Github
2021-12-04 21:37:33 Success.
2021-12-04 21:37:33 Latest version is 0.12.19
2021-12-04 21:37:33 App is up to date.
2021-12-05 03:52:51 Loading main app package /usr/lib/obsidian/obsidian.asar
2021-12-05 03:52:51 Checking for update using Github
2021-12-05 03:52:52 Success.
2021-12-05 03:52:52 Latest version is 0.12.19
2021-12-05 03:52:52 App is up to date.
2021-12-05 06:46:11 Loading main app package /usr/lib/obsidian/obsidian.asar
2021-12-05 06:46:11 Checking for update using Github
2021-12-05 06:46:11 Success.
2021-12-05 06:46:11 Latest version is 0.12.19
2021-12-05 06:46:11 App is up to date.
2021-12-05 07:46:11 Checking for update using Github
2021-12-05 07:46:11 Success.
2021-12-05 07:46:11 Latest version is 0.12.19
2021-12-05 07:46:11 App is up to date.
2021-12-05 08:46:11 Checking for update using Github
2021-12-05 08:46:11 Success.
2021-12-05 08:46:11 Latest version is 0.12.19
2021-12-05 08:46:11 App is up to date.
2021-12-05 09:46:11 Checking for update using Github
2021-12-05 09:46:11 Success.
2021-12-05 09:46:11 Latest version is 0.12.19
2021-12-05 09:46:11 App is up to date.
2021-12-05 19:03:23 Loading main app package /usr/lib/obsidian/obsidian.asar
2021-12-05 19:03:23 Checking for update using Github
2021-12-05 19:03:23 Success.
2021-12-05 19:03:23 Latest version is 0.12.19
2021-12-05 19:03:23 App is up to date.
2021-12-05 20:03:23 Checking for update using Github
2021-12-05 20:03:23 Success.
2021-12-05 20:03:23 Latest version is 0.12.19
2021-12-05 20:03:23 App is up to date.
2021-12-05 20:26:27 Loading main app package /usr/lib/obsidian/obsidian.asar
2021-12-05 20:26:27 Checking for update using Github
2021-12-05 20:26:28 Success.
2021-12-05 20:26:28 Latest version is 0.12.19
2021-12-05 20:26:28 App is up to date.
2021-12-05 21:26:27 Checking for update using Github
2021-12-05 21:26:27 Success.
2021-12-05 21:26:27 Latest version is 0.12.19
2021-12-05 21:26:27 App is up to date.
2021-12-05 22:26:28 Checking for update using Github
2021-12-05 22:26:28 Success.
2021-12-05 22:26:28 Latest version is 0.12.19
2021-12-05 22:26:28 App is up to date.
2021-12-06 02:22:20 Loading main app package /usr/lib/obsidian/obsidian.asar
2021-12-06 02:22:20 Checking for update using Github
2021-12-06 02:22:20 Success.
2021-12-06 02:22:20 Latest version is 0.12.19
2021-12-06 02:22:20 App is up to date.
2021-12-06 03:22:20 Checking for update using Github
2021-12-06 03:22:20 Success.
2021-12-06 03:22:20 Latest version is 0.12.19
2021-12-06 03:22:20 App is up to date.
2021-12-06 04:22:20 Checking for update using Github
2021-12-06 04:22:20 Success.
2021-12-06 04:22:20 Latest version is 0.12.19
2021-12-06 04:22:20 App is up to date.
2021-12-06 05:22:20 Checking for update using Github
2021-12-06 05:22:21 Success.
2021-12-06 05:22:21 Latest version is 0.12.19
2021-12-06 05:22:21 App is up to date.
2021-12-06 06:22:21 Checking for update using Github
2021-12-06 06:22:21 Success.
2021-12-06 06:22:21 Latest version is 0.12.19
2021-12-06 06:22:21 App is up to date.
2021-12-06 07:22:21 Checking for update using Github
2021-12-06 07:22:21 Success.
2021-12-06 07:22:21 Latest version is 0.12.19
2021-12-06 07:22:21 App is up to date.
2021-12-06 08:40:48 Loading main app package /usr/lib/obsidian/obsidian.asar
2021-12-06 08:40:48 Checking for update using Github
2021-12-06 08:40:49 Success.
2021-12-06 08:40:49 Latest version is 0.12.19
2021-12-06 08:40:49 App is up to date.
2021-12-06 08:42:06 Loading main app package /usr/lib/obsidian/obsidian.asar
2021-12-06 08:42:06 Checking for update using Github
2021-12-06 08:42:06 Success.
2021-12-06 08:42:06 Latest version is 0.12.19
2021-12-06 08:42:06 App is up to date.
2021-12-06 20:19:43 Loading main app package /usr/lib/obsidian/obsidian.asar
2021-12-06 20:19:44 Checking for update using Github
2021-12-06 20:19:44 Success.
2021-12-06 20:19:44 Latest version is 0.12.19
2021-12-06 20:19:44 App is up to date.
2021-12-06 21:19:44 Checking for update using Github
2021-12-06 21:19:44 Success.
2021-12-06 21:19:44 Latest version is 0.12.19
2021-12-06 21:19:44 App is up to date.
2021-12-06 22:19:44 Checking for update using Github
2021-12-06 22:19:44 Success.
2021-12-06 22:19:44 Latest version is 0.12.19
2021-12-06 22:19:44 App is up to date.
2021-12-06 23:19:44 Checking for update using Github
2021-12-06 23:19:44 Success.
2021-12-06 23:19:44 Latest version is 0.12.19
2021-12-06 23:19:44 App is up to date.
2021-12-07 00:19:44 Checking for update using Github
2021-12-07 00:19:44 Success.
2021-12-07 00:19:44 Latest version is 0.12.19
2021-12-07 00:19:44 App is up to date.
2021-12-07 18:35:03 Loading main app package /usr/lib/obsidian/obsidian.asar
2021-12-07 18:35:03 Checking for update using Github
2021-12-07 18:35:03 Success.
2021-12-07 18:35:03 Latest version is 0.12.19
2021-12-07 18:35:03 App is up to date.
2021-12-08 01:58:46 Loading main app package /usr/lib/obsidian/obsidian.asar
2021-12-08 01:58:46 Checking for update using Github
2021-12-08 01:58:47 Success.
2021-12-08 01:58:47 Latest version is 0.12.19
2021-12-08 01:58:47 App is up to date.
2021-12-08 02:26:56 Loading main app package /usr/lib/obsidian/obsidian.asar
2021-12-08 02:26:56 Checking for update using Github
2021-12-08 02:26:56 Success.
2021-12-08 02:26:56 Latest version is 0.12.19
2021-12-08 02:26:56 App is up to date.
2021-12-08 02:38:04 Loading main app package /usr/lib/obsidian/obsidian.asar
2021-12-08 02:38:04 Checking for update using Github
2021-12-08 02:38:04 Success.
2021-12-08 02:38:04 Latest version is 0.12.19
2021-12-08 02:38:04 App is up to date.
2021-12-08 02:39:31 Loading main app package /usr/lib/obsidian/obsidian.asar
2021-12-08 02:39:31 Checking for update using Github
2021-12-08 02:39:31 Success.
2021-12-08 02:39:31 Latest version is 0.12.19
2021-12-08 02:39:31 App is up to date.
2021-12-08 02:40:35 Loading main app package /usr/lib/obsidian/obsidian.asar
2021-12-08 02:40:35 Checking for update using Github
2021-12-08 02:40:35 Success.
2021-12-08 02:40:35 Latest version is 0.12.19
2021-12-08 02:40:35 App is up to date.
2021-12-08 02:41:53 Loading main app package /usr/lib/obsidian/obsidian.asar
2021-12-08 02:41:53 Checking for update using Github
2021-12-08 02:41:53 Success.
2021-12-08 02:41:53 Latest version is 0.12.19
2021-12-08 02:41:53 App is up to date.
2021-12-08 02:53:15 Loading main app package /usr/lib/obsidian/obsidian.asar
2021-12-08 02:53:15 Checking for update using Github
2021-12-08 02:53:15 Success.
2021-12-08 02:53:15 Latest version is 0.12.19
2021-12-08 02:53:15 App is up to date.
2021-12-09 03:26:19 Loading main app package /usr/lib/obsidian/obsidian.asar
2021-12-09 03:26:19 Checking for update using Github
2021-12-09 03:26:19 Success.
2021-12-09 03:26:19 Latest version is 0.12.19
2021-12-09 03:26:19 App is up to date.
2021-12-09 04:31:04 Loading main app package /usr/lib/obsidian/obsidian.asar
2021-12-09 04:31:04 Checking for update using Github
2021-12-09 04:31:04 Success.
2021-12-09 04:31:04 Latest version is 0.12.19
2021-12-09 04:31:04 App is up to date.
2021-12-09 05:31:04 Checking for update using Github
2021-12-09 05:31:04 Success.
2021-12-09 05:31:04 Latest version is 0.12.19
2021-12-09 05:31:04 App is up to date.
2021-12-09 06:31:04 Checking for update using Github
2021-12-09 06:31:04 Success.
2021-12-09 06:31:04 Latest version is 0.12.19
2021-12-09 06:31:04 App is up to date.
2021-12-09 07:31:04 Checking for update using Github
2021-12-09 07:31:05 Success.
2021-12-09 07:31:05 Latest version is 0.12.19
2021-12-09 07:31:05 App is up to date.
2021-12-09 08:31:05 Checking for update using Github
2021-12-09 08:31:05 Success.
2021-12-09 08:31:05 Latest version is 0.12.19
2021-12-09 08:31:05 App is up to date.
2021-12-10 04:52:55 Loading main app package /usr/lib/obsidian/obsidian.asar
2021-12-10 04:52:56 Checking for update using Github
2021-12-10 04:52:56 Success.
2021-12-10 04:52:56 Latest version is 0.12.19
2021-12-10 04:52:56 App is up to date.
2021-12-10 05:52:55 Checking for update using Github
2021-12-10 05:52:56 Success.
2021-12-10 05:52:56 Latest version is 0.12.19
2021-12-10 05:52:56 App is up to date.
2021-12-10 06:52:56 Checking for update using Github
2021-12-10 06:52:56 Success.
2021-12-10 06:52:56 Latest version is 0.12.19
2021-12-10 06:52:56 App is up to date.
2021-12-10 07:52:56 Checking for update using Github
2021-12-10 07:52:56 Success.
2021-12-10 07:52:56 Latest version is 0.12.19
2021-12-10 07:52:56 App is up to date.
2021-12-11 05:58:37 Loading main app package /usr/lib/obsidian/obsidian.asar
2021-12-11 05:58:37 Checking for update using Github
2021-12-11 05:58:37 Success.
2021-12-11 05:58:37 Latest version is 0.12.19
2021-12-11 05:58:37 App is up to date.
2021-12-11 06:58:37 Checking for update using Github
2021-12-11 06:58:37 Success.
2021-12-11 06:58:37 Latest version is 0.12.19
2021-12-11 06:58:37 App is up to date.
2021-12-11 07:58:37 Checking for update using Github
2021-12-11 07:58:37 Success.
2021-12-11 07:58:37 Latest version is 0.12.19
2021-12-11 07:58:37 App is up to date.
2021-12-11 08:58:37 Checking for update using Github
2021-12-11 08:58:42 Success.
2021-12-11 08:58:42 Latest version is 0.12.19
2021-12-11 08:58:42 App is up to date.
2021-12-13 06:13:13 Loading main app package /usr/lib/obsidian/obsidian.asar
2021-12-13 06:13:13 Checking for update using Github
2021-12-13 06:13:13 Success.
2021-12-13 06:13:13 Latest version is 0.12.19
2021-12-13 06:13:13 App is up to date.
2021-12-14 06:40:15 Loading main app package /usr/lib/obsidian/obsidian.asar
2021-12-14 06:40:15 Checking for update using Github
2021-12-14 06:40:15 Success.
2021-12-14 06:40:15 Latest version is 0.12.19
2021-12-14 06:40:15 App is up to date.
2021-12-16 04:25:37 Loading main app package /usr/lib/obsidian/obsidian.asar
2021-12-16 04:25:38 Checking for update using Github
2021-12-16 04:25:38 Success.
2021-12-16 04:25:38 Latest version is 0.12.19
2021-12-16 04:25:38 App is up to date.
2021-12-23 21:37:47 Loading main app package /usr/lib/obsidian/obsidian.asar
2021-12-23 21:37:47 Checking for update using Github
2021-12-23 21:37:47 Success.
2021-12-23 21:37:47 Latest version is 0.13.14
2021-12-23 21:37:47 App is up to date.
2021-12-23 21:42:44 Loading main app package /usr/lib/obsidian/obsidian.asar
2021-12-23 21:42:44 Checking for update using Github
2021-12-23 21:42:44 Success.
2021-12-23 21:42:44 Latest version is 0.13.14
2021-12-23 21:42:44 App is up to date.
2021-12-24 21:14:06 Loading main app package /usr/lib/obsidian/obsidian.asar
2021-12-24 21:14:06 Checking for update using Github
2021-12-24 21:14:06 Success.
2021-12-24 21:14:06 Latest version is 0.13.14
2021-12-24 21:14:06 App is up to date.
2021-12-24 22:14:06 Checking for update using Github
2021-12-24 22:14:06 Success.
2021-12-24 22:14:06 Latest version is 0.13.14
2021-12-24 22:14:06 App is up to date.
2021-12-24 23:14:06 Checking for update using Github
2021-12-24 23:14:06 Success.
2021-12-24 23:14:06 Latest version is 0.13.14
2021-12-24 23:14:06 App is up to date.
2021-12-29 01:19:01 Loading main app package /usr/lib/obsidian/obsidian.asar
2021-12-29 01:19:02 Checking for update using Github
2021-12-29 01:19:02 Success.
2021-12-29 01:19:02 Latest version is 0.13.14
2021-12-29 01:19:02 App is up to date.
2021-12-29 02:19:01 Checking for update using Github
2021-12-29 02:19:02 Success.
2021-12-29 02:19:02 Latest version is 0.13.14
2021-12-29 02:19:02 App is up to date.
2021-12-29 04:51:24 Loading main app package /usr/lib/obsidian/obsidian.asar
2021-12-29 04:51:25 Checking for update using Github
2021-12-29 04:51:25 Success.
2021-12-29 04:51:25 Latest version is 0.13.14
2021-12-29 04:51:25 App is up to date.
2021-12-29 05:51:24 Checking for update using Github
2021-12-29 05:51:24 Success.
2021-12-29 05:51:24 Latest version is 0.13.14
2021-12-29 05:51:24 App is up to date.
2021-12-29 17:04:19 Loading main app package /usr/lib/obsidian/obsidian.asar
2021-12-29 17:04:19 Checking for update using Github
2021-12-29 17:04:19 Success.
2021-12-29 17:04:19 Latest version is 0.13.14
2021-12-29 17:04:19 App is up to date.
2021-12-29 18:04:19 Checking for update using Github
2021-12-29 18:04:19 Success.
2021-12-29 18:04:19 Latest version is 0.13.14
2021-12-29 18:04:19 App is up to date.
2021-12-29 20:18:32 Loading main app package /usr/lib/obsidian/obsidian.asar
2021-12-29 20:18:32 Checking for update using Github
2021-12-29 20:18:32 Success.
2021-12-29 20:18:32 Latest version is 0.13.14
2021-12-29 20:18:32 App is up to date.
2021-12-29 21:18:32 Checking for update using Github
2021-12-29 21:18:32 Success.
2021-12-29 21:18:32 Latest version is 0.13.14
2021-12-29 21:18:32 App is up to date.
2021-12-29 22:41:43 Loading main app package /usr/lib/obsidian/obsidian.asar
2021-12-29 22:41:44 Checking for update using Github
2021-12-29 22:41:44 Success.
2021-12-29 22:41:44 Latest version is 0.13.14
2021-12-29 22:41:44 App is up to date.
